<?xml version="1.0" encoding="UTF-8"?>
<!-- Generated by org.testng.reporters.JUnitReportReporter -->
<testsuite skipped="0" hostname="Sukeshs-MacBook-Pro-2.local" name="HelloWorldTest" tests="1" failures="0" timestamp="18 Jun 2020 06:50:45 GMT" time="0.014" errors="0">
  <testcase name="shouldSayHelloWorld" time="0.014" classname="HelloWorldTest"/>
</testsuite> <!-- HelloWorldTest -->
